<?xml version="1.0" encoding="UTF-8"?>
<testng-results ignored="0" total="1" passed="1" failed="0" skipped="0">
  <reporter-output>
  </reporter-output>
  <suite started-at="2024-02-28T11:31:01 IST" name="Surefire suite" finished-at="2024-02-28T11:31:01 IST" duration-ms="75">
    <groups>
    </groups>
    <test started-at="2024-02-28T11:31:01 IST" name="Surefire test" finished-at="2024-02-28T11:31:01 IST" duration-ms="75">
      <class name="com.test.Muthu.AppTest">
        <test-method signature="dat()[pri:0, instance:com.test.Muthu.AppTest@6f3b5d16]" started-at="2024-02-28T11:31:01 IST" name="dat" finished-at="2024-02-28T11:31:01 IST" duration-ms="8" status="PASS">
          <reporter-output>
          </reporter-output>
        </test-method> <!-- dat -->
      </class> <!-- com.test.Muthu.AppTest -->
    </test> <!-- Surefire test -->
  </suite> <!-- Surefire suite -->
</testng-results>
